-------------------- Log Start | Sun Oct  6 04:00:13 2024 --------------------
platform: Linux-6.1.21-v8+-aarch64-with-glibc2.31
data_path: /home/coon/printer_data
is_default_data_path: False
config_file: /home/coon/printer_data/config/moonraker.conf
backup_config: /home/coon/printer_data/config/.moonraker.conf.bkp
startup_warnings: []
verbose: False
debug: False
asyncio_debug: False
is_backup_config: False
is_python_package: True
instance_uuid: 60bd5132ee8047c38040f1158d95415a
unix_socket_path: /home/coon/printer_data/comms/moonraker.sock
software_version: v0.9.3-0-g71f9e67
git_branch: master
git_remote: origin
git_repo_url: https://github.com/Arksine/moonraker.git
modified_files: []
unofficial_components: []
log_file: /home/coon/printer_data/logs/moonraker.log
python_version: 3.9.2 (default, Feb 28 2021, 17:03:44)  [GCC 10.2.1 20210110]
launch_args: /home/coon/moonraker-env/bin/python /home/coon/moonraker/moonraker/__main__.py
msgspec_enabled: False
uvloop_enabled: False

#################### Moonraker Configuration ####################

[server]
host = 0.0.0.0
port = 7125
max_upload_size = 1024
klippy_uds_address = ~/printer_data/comms/klippy.sock

[file_manager]
enable_object_processing = True

[authorization]
cors_domains = 
	https://my.mainsail.xyz
	http://my.mainsail.xyz
	http://*.local
	http://*.lan
trusted_clients = 
	10.0.0.0/8
	127.0.0.0/8
	169.254.0.0/16
	172.16.0.0/12
	192.168.0.0/16
	FE80::/10
	::1/128

[octoprint_compat]

[history]

[announcements]
subscriptions = 
	octoapp.

[update_manager]
refresh_interval = 168
enable_auto_refresh = True

[update_manager mainsail]
type = web
channel = stable
repo = mainsail-crew/mainsail
path = ~/mainsail

[update_manager mainsail-config]
type = git_repo
primary_branch = master
path = ~/mainsail-config
origin = https://github.com/mainsail-crew/mainsail-config.git
managed_services = klipper

[update_manager crowsnest]
type = git_repo
path = ~/crowsnest
origin = https://github.com/mainsail-crew/crowsnest.git
managed_services = crowsnest
install_script = tools/pkglist.sh

[update_manager sonar]
type = git_repo
path = ~/sonar
origin = https://github.com/mainsail-crew/sonar.git
primary_branch = main
managed_services = sonar
install_script = tools/install.sh

[update_manager fluidd]
type = web
channel = stable
repo = fluidd-core/fluidd
path = ~/fluidd

[update_manager octoapp]
type = git_repo
channel = beta
path = /home/coon/octoapp
origin = https://github.com/crysxd/OctoApp-Plugin.git
env = /home/coon/octoapp-env/bin/python
requirements = requirements.txt
install_script = install.sh
managed_services = 
	octoapp

[update_manager Klipper-Adaptive-Meshing-Purging]
type = git_repo
channel = dev
path = ~/Klipper-Adaptive-Meshing-Purging
origin = https://github.com/kyleisah/Klipper-Adaptive-Meshing-Purging.git
managed_services = klipper
primary_branch = main

[update_manager moonraker-obico]
type = git_repo
path = /home/coon/moonraker-obico
origin = https://github.com/TheSpaghettiDetective/moonraker-obico.git
env = /home/coon/moonraker-obico/../moonraker-obico-env/bin/python
requirements = requirements.txt
install_script = install.sh
managed_services = 
	moonraker-obico

#################################################################
All Configuration Files:
/home/coon/printer_data/config/moonraker.conf
/home/coon/printer_data/config/octoapp-system.cfg
/home/coon/printer_data/config/moonraker-obico-update.cfg
#################################################################
Loading Sqlite database provider. Sqlite Version: 3.34.1
Unsafe Shutdown Count: 14

System Info:

***python***
  version: (3, 9, 2, 'final', 0)
  version_string: 3.9.2 (default, Feb 28 2021, 17:03:44)  [GCC 10.2.1 20210110]

***cpu_info***
  cpu_count: 4
  bits: 64bit
  processor: aarch64
  cpu_desc: 
  serial_number: 3f152626
  hardware_desc: BCM2835
  model: Raspberry Pi 3 Model B Rev 1.2
  total_memory: 931432
  memory_units: kB

***sd_info***
  manufacturer_id: ad
  manufacturer: Unknown
  oem_id: 4c53
  product_name: LX32G
  product_revision: 1.0
  serial_number: 418327f2
  manufacturer_date: 6/2023
  capacity: 29.5 GiB
  total_bytes: 31719424000

***distribution***
  name: Debian GNU/Linux 11 (bullseye)
  id: debian
  version: 11
  version_parts: {'major': '11', 'minor': '', 'build_number': ''}
  like: 
  codename: bullseye
  release_info: {'name': 'MainsailOS', 'version_id': '1.3.2', 'codename': 'bullseye', 'id': 'mainsailos'}
  kernel_version: 6.1.21-v8+

***virtualization***
  virt_type: none
  virt_identifier: none

***network***

***canbus***

***Allowed Services***
  klipper_mcu
  webcamd
  MoonCord
  KlipperScreen
  moonraker-telegram-bot
  moonraker-obico
  sonar
  crowsnest
  octoeverywhere
  ratos-configurator
  octoapp
Found libcamera Python module, version: v0.0.5+83-bde9b04f

Systemd unit moonraker.service:
unit_name: moonraker.service
is_default: True
manager: systemd
Properties:
**Requires=['network-online.target', 'system.slice', 'sysinit.target']
**After=['basic.target', 'network-online.target', 'system.slice', 'klipper.service', 'sysinit.target', 'systemd-journald.socket']
**SupplementaryGroups=['moonraker-admin']
**EnvironmentFiles=/home/coon/printer_data/systemd/moonraker.env
**ExecStart=/home/coon/moonraker-env/bin/python $MOONRAKER_ARGS
**WorkingDirectory=
**FragmentPath=/etc/systemd/system/moonraker.service
**Description=API Server for Klipper SV1
**User=coon
CPU Throttled Flags: ['Under-Voltage Detected', 'Currently Throttled', 'Previously Under-Volted', 'Previously Throttled']

Systemd unit klipper.service:
unit_name: klipper.service
is_default: True
manager: systemd
Properties:
**Requires=['system.slice', 'sysinit.target', '-.mount']
**After=['system.slice', 'systemd-journald.socket', 'basic.target', '-.mount', 'sysinit.target', 'network-online.target']
**SupplementaryGroups=[]
**EnvironmentFiles=/home/coon/printer_data/systemd/klipper.env
**ExecStart=/home/coon/klippy-env/bin/python $KLIPPER_ARGS
**WorkingDirectory=/home/coon/klipper
**FragmentPath=/etc/systemd/system/klipper.service
**Description=Klipper 3D Printer Firmware SV1
**User=coon
Git Repo moonraker: Warnings detected:
  Repo has untracked source files: ['moonraker/components/timelapse.py']
Git Repo klipper: No warnings detected
Git Repo mainsail-config: No warnings detected
Git Repo crowsnest: No warnings detected
Git Repo sonar: No warnings detected
Git Repo octoapp: Warnings detected:
  Repo not on offical remote/branch, expected: origin/master, detected: origin/release
Git Repo Klipper-Adaptive-Meshing-Purging: No warnings detected
Git Repo moonraker-obico: No warnings detected
Klipper Version: v0.12.0-310-gef7534686
2024-10-06 00:00:12,997 [authorization.py:_prune_conn_handler()] - Trusted Connection Expired, IP: 192.168.50.115
2024-10-06 00:15:16,807 [announcements.py:_fetch_moonlight()] - Failed to update subscription 'octoapp.': HTTP 404: Not Found
2024-10-06 00:45:16,717 [announcements.py:_fetch_moonlight()] - Failed to update subscription 'octoapp.': HTTP 404: Not Found
2024-10-06 00:55:13,013 [authorization.py:_prune_conn_handler()] - Trusted Connection Expired, IP: 192.168.50.102
2024-10-06 01:15:16,645 [announcements.py:_fetch_moonlight()] - Failed to update subscription 'octoapp.': HTTP 404: Not Found
2024-10-06 01:45:16,616 [announcements.py:_fetch_moonlight()] - Failed to update subscription 'octoapp.': HTTP 404: Not Found
2024-10-06 02:15:16,638 [announcements.py:_fetch_moonlight()] - Failed to update subscription 'octoapp.': HTTP 404: Not Found
2024-10-06 02:45:16,647 [announcements.py:_fetch_moonlight()] - Failed to update subscription 'octoapp.': HTTP 404: Not Found
2024-10-06 03:15:16,584 [announcements.py:_fetch_moonlight()] - Failed to update subscription 'octoapp.': HTTP 404: Not Found
2024-10-06 03:28:31,706 [websockets.py:write_to_socket()] - Websocket closed while writing: 548549941568
2024-10-06 03:28:36,681 [websockets.py:on_close()] - Websocket Closed: ID: 548549941568 Close Code: None, Close Reason: None, Pong Time Elapsed: 44.99
2024-10-06 03:45:16,632 [announcements.py:_fetch_moonlight()] - Failed to update subscription 'octoapp.': HTTP 404: Not Found
2024-10-06 03:46:25,164 [authorization.py:_check_trusted_connection()] - Trusted Connection Detected, IP: 192.168.50.115
2024-10-06 03:46:25,170 [application.py:log_request()] - 101 GET /websocket (192.168.50.115) [_TRUSTED_USER_] 10.47ms
2024-10-06 03:46:25,171 [websockets.py:open()] - Websocket Opened: ID: 548549939312, Proxied: True, User Agent: Mozilla/5.0 (Macintosh; Intel Mac OS X 10_15_7) AppleWebKit/605.1.15 (KHTML, like Gecko) Version/18.0 Safari/605.1.15, Host Name: enderpi.local
2024-10-06 03:46:25,494 [websockets.py:_handle_identify()] - Websocket 548549939312 Client Identified - Name: mainsail, Version: 2.12.0, Type: web
2024-10-06 04:15:16,729 [announcements.py:_fetch_moonlight()] - Failed to update subscription 'octoapp.': HTTP 404: Not Found
2024-10-06 04:45:16,851 [announcements.py:_fetch_moonlight()] - Failed to update subscription 'octoapp.': HTTP 404: Not Found
2024-10-06 04:50:13,072 [authorization.py:_prune_conn_handler()] - Trusted Connection Expired, IP: 192.168.50.115
2024-10-06 05:15:16,639 [announcements.py:_fetch_moonlight()] - Failed to update subscription 'octoapp.': HTTP 404: Not Found
2024-10-06 05:45:16,773 [announcements.py:_fetch_moonlight()] - Failed to update subscription 'octoapp.': HTTP 404: Not Found
2024-10-06 06:15:16,610 [announcements.py:_fetch_moonlight()] - Failed to update subscription 'octoapp.': HTTP 404: Not Found
2024-10-06 06:45:16,754 [announcements.py:_fetch_moonlight()] - Failed to update subscription 'octoapp.': HTTP 404: Not Found
2024-10-06 07:12:35,344 [websockets.py:write_to_socket()] - Websocket closed while writing: 548549939312
2024-10-06 07:12:40,175 [websockets.py:on_close()] - Websocket Closed: ID: 548549939312 Close Code: None, Close Reason: None, Pong Time Elapsed: 44.99
2024-10-06 07:15:16,619 [announcements.py:_fetch_moonlight()] - Failed to update subscription 'octoapp.': HTTP 404: Not Found
2024-10-06 07:29:27,012 [authorization.py:_check_trusted_connection()] - Trusted Connection Detected, IP: 192.168.50.115
2024-10-06 07:29:27,016 [application.py:log_request()] - 101 GET /websocket (192.168.50.115) [_TRUSTED_USER_] 8.39ms
2024-10-06 07:29:27,018 [websockets.py:open()] - Websocket Opened: ID: 548548424800, Proxied: True, User Agent: Mozilla/5.0 (Macintosh; Intel Mac OS X 10_15_7) AppleWebKit/605.1.15 (KHTML, like Gecko) Version/18.0 Safari/605.1.15, Host Name: enderpi.local
2024-10-06 07:29:27,186 [websockets.py:_handle_identify()] - Websocket 548548424800 Client Identified - Name: mainsail, Version: 2.12.0, Type: web
2024-10-06 07:33:07,211 [websockets.py:write_to_socket()] - Websocket closed while writing: 548548424800
2024-10-06 07:33:12,022 [websockets.py:on_close()] - Websocket Closed: ID: 548548424800 Close Code: None, Close Reason: None, Pong Time Elapsed: 44.94
2024-10-06 07:45:16,630 [announcements.py:_fetch_moonlight()] - Failed to update subscription 'octoapp.': HTTP 404: Not Found
2024-10-06 07:48:29,080 [application.py:log_request()] - 101 GET /websocket (192.168.50.115) [_TRUSTED_USER_] 4.89ms
2024-10-06 07:48:29,081 [websockets.py:open()] - Websocket Opened: ID: 548551004992, Proxied: True, User Agent: Mozilla/5.0 (Macintosh; Intel Mac OS X 10_15_7) AppleWebKit/605.1.15 (KHTML, like Gecko) Version/18.0 Safari/605.1.15, Host Name: enderpi.local
2024-10-06 07:48:29,222 [websockets.py:_handle_identify()] - Websocket 548551004992 Client Identified - Name: mainsail, Version: 2.12.0, Type: web
2024-10-06 07:49:19,237 [websockets.py:write_to_socket()] - Websocket closed while writing: 548551004992
2024-10-06 07:49:24,086 [websockets.py:on_close()] - Websocket Closed: ID: 548551004992 Close Code: None, Close Reason: None, Pong Time Elapsed: 44.87
2024-10-06 07:57:03,163 [application.py:log_request()] - 101 GET /websocket (192.168.50.115) [_TRUSTED_USER_] 5.77ms
2024-10-06 07:57:03,164 [websockets.py:open()] - Websocket Opened: ID: 548551005232, Proxied: True, User Agent: Mozilla/5.0 (Macintosh; Intel Mac OS X 10_15_7) AppleWebKit/605.1.15 (KHTML, like Gecko) Version/18.0 Safari/605.1.15, Host Name: enderpi.local
2024-10-06 07:57:03,186 [websockets.py:_handle_identify()] - Websocket 548551005232 Client Identified - Name: mainsail, Version: 2.12.0, Type: web
2024-10-06 07:58:03,366 [websockets.py:write_to_socket()] - Websocket closed while writing: 548551005232
2024-10-06 07:58:08,169 [websockets.py:on_close()] - Websocket Closed: ID: 548551005232 Close Code: None, Close Reason: None, Pong Time Elapsed: 44.95
2024-10-06 08:00:11,655 [application.py:log_request()] - 101 GET /websocket (192.168.50.115) [_TRUSTED_USER_] 4.77ms
2024-10-06 08:00:11,657 [websockets.py:open()] - Websocket Opened: ID: 548551004752, Proxied: True, User Agent: Mozilla/5.0 (Macintosh; Intel Mac OS X 10_15_7) AppleWebKit/605.1.15 (KHTML, like Gecko) Version/18.0 Safari/605.1.15, Host Name: enderpi.local
2024-10-06 08:00:11,845 [websockets.py:_handle_identify()] - Websocket 548551004752 Client Identified - Name: mainsail, Version: 2.12.0, Type: web
2024-10-06 08:15:16,718 [announcements.py:_fetch_moonlight()] - Failed to update subscription 'octoapp.': HTTP 404: Not Found
2024-10-06 08:45:16,612 [announcements.py:_fetch_moonlight()] - Failed to update subscription 'octoapp.': HTTP 404: Not Found
2024-10-06 09:00:13,160 [authorization.py:_prune_conn_handler()] - Trusted Connection Expired, IP: 192.168.50.115
2024-10-06 09:15:16,765 [announcements.py:_fetch_moonlight()] - Failed to update subscription 'octoapp.': HTTP 404: Not Found
2024-10-06 09:30:37,901 [authorization.py:_check_trusted_connection()] - Trusted Connection Detected, IP: 192.168.50.115
2024-10-06 09:33:09,166 [shell_command.py:_check_proc_success()] - Command (git -C /home/coon/klipper fetch origin --prune --progress) successfully finished
2024-10-06 09:33:09,203 [shell_command.py:_check_proc_success()] - Command (git -C /home/coon/klipper merge-base --is-ancestor HEAD origin/master) successfully finished
2024-10-06 09:33:10,200 [shell_command.py:_check_proc_success()] - Command (git -C /home/coon/klipper pull --progress) successfully finished
2024-10-06 09:33:10,341 [shell_command.py:_check_proc_success()] - Command (git -C /home/coon/klipper status --porcelain -b) successfully finished
2024-10-06 09:33:10,386 [shell_command.py:_check_proc_success()] - Command (git -C /home/coon/klipper branch --list --no-color) successfully finished
2024-10-06 09:33:10,484 [shell_command.py:_check_proc_success()] - Command (git -C /home/coon/klipper remote get-url origin) successfully finished
2024-10-06 09:33:10,530 [shell_command.py:_check_proc_success()] - Command (git -C /home/coon/klipper merge-base --is-ancestor HEAD origin/master) successfully finished
2024-10-06 09:33:10,562 [shell_command.py:_check_proc_success()] - Command (git -C /home/coon/klipper rev-parse HEAD) successfully finished
2024-10-06 09:33:10,982 [shell_command.py:_check_proc_success()] - Command (git -C /home/coon/klipper describe --always --tags --long --dirty --abbrev=8) successfully finished
2024-10-06 09:33:11,069 [shell_command.py:_check_proc_success()] - Command (git -C /home/coon/klipper rev-parse origin/master) successfully finished
2024-10-06 09:33:11,529 [shell_command.py:_check_proc_success()] - Command (git -C /home/coon/klipper describe origin/master --always --tags --long --abbrev=8) successfully finished
2024-10-06 09:33:11,593 [shell_command.py:_check_proc_success()] - Command (git -C /home/coon/klipper rev-list HEAD..96cceed23efc7a3759ecfba0a228cdcb4d5244d3 --count) successfully finished
2024-10-06 09:33:11,598 [git_deploy.py:log_repo_info()] - Git Repo klipper Detected:
Owner: Klipper3d
Repository Name: klipper
Path: /home/coon/klipper
Remote: origin
Branch: master
Remote URL: https://github.com/Klipper3d/klipper.git
Recovery URL: https://github.com/Klipper3d/klipper.git
Current Commit SHA: 96cceed23efc7a3759ecfba0a228cdcb4d5244d3
Upstream Commit SHA: 96cceed23efc7a3759ecfba0a228cdcb4d5244d3
Current Version: v0.12.0-316-g96cceed2
Upstream Version: v0.12.0-316-g96cceed2
Rollback Commit: ef75346861fdf94d952a4e887fb843d215b00631
Rollback Branch: master
Rollback Version: v0.12.0-310-gef753468
Is Dirty: False
Is Detached: False
Is Shallow: False
Commits Behind Count: 0
Diverged: False
Pinned Commit: None
2024-10-06 09:33:11,599 [base_deploy.py:log_info()] - Git Repo klipper: Channel: dev
2024-10-06 09:33:11,599 [base_deploy.py:log_info()] - Git Repo klipper: Validity check for git repo passed
2024-10-06 09:33:11,902 [klippy_connection.py:_on_connection_closed()] - Klippy Connection Removed
2024-10-06 09:33:11,945 [websockets.py:on_close()] - Websocket Closed: ID: 548549625600 Close Code: 1000, Close Reason: None, Pong Time Elapsed: 7.36
2024-10-06 09:33:12,403 [common.py:build_error()] - JSON-RPC Request Error - Requested Method: printer.objects.query, Code: 503, Message: Klippy Host not connected
2024-10-06 09:33:13,398 [common.py:build_error()] - JSON-RPC Request Error - Requested Method: printer.objects.query, Code: 503, Message: Klippy Host not connected
2024-10-06 09:33:13,987 [authorization.py:_check_trusted_connection()] - Trusted Connection Detected, IP: 127.0.0.1
2024-10-06 09:33:13,994 [application.py:log_request()] - 101 GET /websocket (127.0.0.1) [_TRUSTED_USER_] 13.26ms
2024-10-06 09:33:13,996 [websockets.py:open()] - Websocket Opened: ID: 548550335408, Proxied: False, User Agent: , Host Name: 0.0.0.0
2024-10-06 09:33:14,011 [websockets.py:_handle_identify()] - Websocket 548550335408 Client Identified - Name: OctoApp, Version: 2.1.5, Type: agent
2024-10-06 09:33:14,037 [websockets.py:on_close()] - Websocket Closed: ID: 548550335408 Close Code: 1000, Close Reason: None, Pong Time Elapsed: 0.05
2024-10-06 09:33:14,251 [klippy_connection.py:_do_connect()] - Klippy Connection Established
2024-10-06 09:33:16,073 [application.py:log_request()] - 101 GET /websocket (127.0.0.1) [_TRUSTED_USER_] 4.09ms
2024-10-06 09:33:16,074 [websockets.py:open()] - Websocket Opened: ID: 548551015104, Proxied: False, User Agent: , Host Name: 0.0.0.0
2024-10-06 09:33:16,091 [websockets.py:_handle_identify()] - Websocket 548551015104 Client Identified - Name: OctoApp, Version: 2.1.5, Type: agent
2024-10-06 09:33:16,390 [server.py:add_log_rollover_item()] - Klipper Version: v0.12.0-316-g96cceed23
2024-10-06 09:33:18,861 [klippy_connection.py:_request_initial_subscriptions()] - Webhooks Subscribed
2024-10-06 09:33:18,867 [klippy_connection.py:_request_initial_subscriptions()] - GCode Output Subscribed
2024-10-06 09:33:18,917 [file_manager.py:get_file_list()] - Updating File List <gcodes>...
2024-10-06 09:33:19,106 [job_state.py:_handle_started()] - Job state initialized: standby
2024-10-06 09:33:19,390 [klippy_connection.py:_check_ready()] - Klippy ready
2024-10-06 09:33:19,868 [data_store.py:_init_sensors()] - Configuring available sensors: ['temperature_sensor raspberry_pi', 'temperature_sensor mcu_temp', 'heater_bed', 'extruder']
